<?xml version="1.0" encoding="UTF-8"?>
<testsuite xmlns:xsi="http://www.w3.org/2001/XMLSchema-instance" xsi:noNamespaceSchemaLocation="https://maven.apache.org/surefire/maven-surefire-plugin/xsd/surefire-test-report.xsd" name="TestSuite" time="1.213" tests="2" errors="0" skipped="0" failures="1">
  <properties>
[...]
</properties>
  <testcase name="runScenario" classname="com.bdd.runner.TestRunner" time="0.131">
    <failure message="The step &apos;User navigates to the application&apos; and 2 other step(s) are undefined.&#10;You can implement these steps using the snippet(s) below:&#10;&#10;@Given(&quot;User navigates to the application&quot;)&#10;public void user_navigates_to_the_application() {&#10;    // Write code here that turns the phrase above into concrete actions&#10;    throw new io.cucumber.java.PendingException();&#10;}&#10;@When(&quot;user clicks on register&quot;)&#10;public void user_clicks_on_register() {&#10;    // Write code here that turns the phrase above into concrete actions&#10;    throw new io.cucumber.java.PendingException();&#10;}&#10;@Then(&quot;verify the title is displayed correctly&quot;)&#10;public void verify_the_title_is_displayed_correctly() {&#10;    // Write code here that turns the phrase above into concrete actions&#10;    throw new io.cucumber.java.PendingException();&#10;}&#10;" type="io.cucumber.testng.UndefinedStepException">io.cucumber.testng.UndefinedStepException: 
The step 'User navigates to the application' and 2 other step(s) are undefined.
You can implement these steps using the snippet(s) below:

@Given("User navigates to the application")
public void user_navigates_to_the_application() {
    // Write code here that turns the phrase above into concrete actions
    throw new io.cucumber.java.PendingException();
}
@When("user clicks on register")
public void user_clicks_on_register() {
    // Write code here that turns the phrase above into concrete actions
    throw new io.cucumber.java.PendingException();
}
@Then("verify the title is displayed correctly")
public void verify_the_title_is_displayed_correctly() {
    // Write code here that turns the phrase above into concrete actions
    throw new io.cucumber.java.PendingException();
}

</failure>
    <system-out><![CDATA[
@demo1features @Login1linkvalidation
Scenario: Validation for Register page         # src/main/resources/Features/Demo1Feature.feature:5
  Given User navigates to the application      # null
  When user clicks on register                 # null
  Then verify the title is displayed correctly # null
]]></system-out>
  </testcase>
  <testcase name="testMethod" classname="TestSample" time="0"/>
</testsuite>