<?xml version="1.0" encoding="UTF-8"?>
<testng-results ignored="0" total="1" passed="1" failed="0" skipped="0">
  <reporter-output>
  </reporter-output>
  <suite started-at="2022-06-04T03:34:14 IST" name="Default suite" finished-at="2022-06-04T03:34:20 IST" duration-ms="5385">
    <groups>
      <group name="cucumber">
        <method signature="AbstractTestNGCucumberTests.runScenario(io.cucumber.testng.PickleWrapper, io.cucumber.testng.FeatureWrapper)[pri:0, instance:com.bdd.runner.TestRunner@20a14b55]" name="runScenario" class="io.cucumber.testng.AbstractTestNGCucumberTests"/>
      </group> <!-- cucumber -->
    </groups>
    <test started-at="2022-06-04T03:34:14 IST" name="Default test" finished-at="2022-06-04T03:34:20 IST" duration-ms="5385">
      <class name="com.bdd.runner.TestRunner">
        <test-method is-config="true" signature="setUpClass()[pri:0, instance:com.bdd.runner.TestRunner@20a14b55]" started-at="2022-06-04T03:34:14 IST" name="setUpClass" finished-at="2022-06-04T03:34:14 IST" duration-ms="27" status="PASS">
          <reporter-output>
          </reporter-output>
        </test-method> <!-- setUpClass -->
        <test-method signature="runScenario(io.cucumber.testng.PickleWrapper, io.cucumber.testng.FeatureWrapper)[pri:0, instance:com.bdd.runner.TestRunner@20a14b55]" started-at="2022-06-04T03:34:14 IST" name="runScenario" description="Runs Cucumber Scenarios" data-provider="scenarios" finished-at="2022-06-04T03:34:20 IST" duration-ms="5255" status="PASS">
          <params>
            <param index="0">
              <value>
                <![CDATA["Validation for Register page"]]>
              </value>
            </param>
            <param index="1">
              <value>
                <![CDATA["Optional[Demo1 features]"]]>
              </value>
            </param>
          </params>
          <reporter-output>
          </reporter-output>
        </test-method> <!-- runScenario -->
        <test-method is-config="true" signature="tearDownClass()[pri:0, instance:com.bdd.runner.TestRunner@20a14b55]" started-at="2022-06-04T03:34:20 IST" name="tearDownClass" finished-at="2022-06-04T03:34:20 IST" duration-ms="73" status="PASS">
          <reporter-output>
          </reporter-output>
        </test-method> <!-- tearDownClass -->
      </class> <!-- com.bdd.runner.TestRunner -->
    </test> <!-- Default test -->
  </suite> <!-- Default suite -->
</testng-results>
